<?xml version="1.0" encoding="UTF-8"?>
<!-- Generated by org.testng.reporters.JUnitReportReporter -->
<testsuite skipped="9" hostname="BG1NB1012" name="JavaPrograms.Javaprograms" tests="12" failures="0" timestamp="03 Nov 2020 05:35:55 GMT" time="0.027" errors="0">
  <testcase name="stringPlay" time="0.001" classname="JavaPrograms.Javaprograms"/>
  <testcase name="arrayListing" time="0.020" classname="JavaPrograms.Javaprograms"/>
  <testcase name="testMap2" time="0.006" classname="JavaPrograms.Javaprograms"/>
  <testcase name="starWatch" classname="JavaPrograms.Javaprograms">
    <skipped/>
  </testcase> <!-- starWatch -->
  <testcase name="getSum" classname="JavaPrograms.Javaprograms">
    <skipped/>
  </testcase> <!-- getSum -->
  <testcase name="testMap" classname="JavaPrograms.Javaprograms">
    <skipped/>
  </testcase> <!-- testMap -->
  <testcase name="hashMapexample" classname="JavaPrograms.Javaprograms">
    <skipped/>
  </testcase> <!-- hashMapexample -->
  <testcase name="primeNum" classname="JavaPrograms.Javaprograms">
    <skipped/>
  </testcase> <!-- primeNum -->
  <testcase name="factorial" classname="JavaPrograms.Javaprograms">
    <skipped/>
  </testcase> <!-- factorial -->
  <testcase name="readNwrite" classname="JavaPrograms.Javaprograms">
    <skipped/>
  </testcase> <!-- readNwrite -->
  <testcase name="f" classname="JavaPrograms.Javaprograms">
    <skipped/>
  </testcase> <!-- f -->
  <testcase name="fibonacciSeries" classname="JavaPrograms.Javaprograms">
    <skipped/>
  </testcase> <!-- fibonacciSeries -->
</testsuite> <!-- JavaPrograms.Javaprograms -->
