<?xml version="1.0" encoding="UTF-8"?>
<!-- Generated by org.testng.reporters.JUnitReportReporter -->
<testsuite skipped="1" hostname="BG1NB1012" name="JavaPrograms.StreamsAndLists" tests="2" failures="0" timestamp="03 Nov 2020 03:13:50 GMT" time="0.020" errors="0">
  <testcase name="testSWapping" time="0.020" classname="JavaPrograms.StreamsAndLists"/>
  <testcase name="streaming" classname="JavaPrograms.StreamsAndLists">
    <skipped/>
  </testcase> <!-- streaming -->
</testsuite> <!-- JavaPrograms.StreamsAndLists -->
