<?xml version="1.0" encoding="UTF-8"?>
<!-- Generated by org.testng.reporters.JUnitReportReporter -->
<testsuite skipped="17" hostname="BG1NB1012" name="JavaPrograms.Javaagain" tests="19" failures="0" timestamp="09 Nov 2020 07:05:13 GMT" time="0.018" errors="0">
  <testcase name="conversionsOnly" time="0.018" classname="JavaPrograms.Javaagain"/>
  <testcase name="tetsoNe" time="0.000" classname="JavaPrograms.Javaagain"/>
  <testcase name="testPermutations" classname="JavaPrograms.Javaagain">
    <skipped/>
  </testcase> <!-- testPermutations -->
  <testcase name="testArraySwapping" classname="JavaPrograms.Javaagain">
    <skipped/>
  </testcase> <!-- testArraySwapping -->
  <testcase name="testStringsOnly" classname="JavaPrograms.Javaagain">
    <skipped/>
  </testcase> <!-- testStringsOnly -->
  <testcase name="uniqueChar" classname="JavaPrograms.Javaagain">
    <skipped/>
  </testcase> <!-- uniqueChar -->
  <testcase name="testString1" classname="JavaPrograms.Javaagain">
    <skipped/>
  </testcase> <!-- testString1 -->
  <testcase name="testChartoString" classname="JavaPrograms.Javaagain">
    <skipped/>
  </testcase> <!-- testChartoString -->
  <testcase name="testDuplicates" classname="JavaPrograms.Javaagain">
    <skipped/>
  </testcase> <!-- testDuplicates -->
  <testcase name="testChartoString1" classname="JavaPrograms.Javaagain">
    <skipped/>
  </testcase> <!-- testChartoString1 -->
  <testcase name="testPalindrome2" classname="JavaPrograms.Javaagain">
    <skipped/>
  </testcase> <!-- testPalindrome2 -->
  <testcase name="testBubble" classname="JavaPrograms.Javaagain">
    <skipped/>
  </testcase> <!-- testBubble -->
  <testcase name="testString2" classname="JavaPrograms.Javaagain">
    <skipped/>
  </testcase> <!-- testString2 -->
  <testcase name="removeDuplicatedFromArray" classname="JavaPrograms.Javaagain">
    <skipped/>
  </testcase> <!-- removeDuplicatedFromArray -->
  <testcase name="palindrome" classname="JavaPrograms.Javaagain">
    <skipped/>
  </testcase> <!-- palindrome -->
  <testcase name="swapTheArray" classname="JavaPrograms.Javaagain">
    <skipped/>
  </testcase> <!-- swapTheArray -->
  <testcase name="bubbleSort" classname="JavaPrograms.Javaagain">
    <skipped/>
  </testcase> <!-- bubbleSort -->
  <testcase name="testSort" classname="JavaPrograms.Javaagain">
    <skipped/>
  </testcase> <!-- testSort -->
  <testcase name="stringEquals" classname="JavaPrograms.Javaagain">
    <skipped/>
  </testcase> <!-- stringEquals -->
</testsuite> <!-- JavaPrograms.Javaagain -->
