<?xml version="1.0" encoding="UTF-8"?>
<!-- Generated by org.testng.reporters.JUnitReportReporter -->
<testsuite skipped="20" hostname="BG1NB1012" name="JavaPrograms.Javaprograms2" tests="22" failures="0" timestamp="03 Nov 2020 16:37:14 GMT" time="0.023" errors="0">
  <testcase name="testStars" time="0.002" classname="JavaPrograms.Javaprograms2"/>
  <testcase name="findUniqueNumber" time="0.021" classname="JavaPrograms.Javaprograms2"/>
  <testcase name="testMaps" classname="JavaPrograms.Javaprograms2">
    <skipped/>
  </testcase> <!-- testMaps -->
  <testcase name="testMaps2" classname="JavaPrograms.Javaprograms2">
    <skipped/>
  </testcase> <!-- testMaps2 -->
  <testcase name="listToArrayconversions" classname="JavaPrograms.Javaprograms2">
    <skipped/>
  </testcase> <!-- listToArrayconversions -->
  <testcase name="testGetSum" classname="JavaPrograms.Javaprograms2">
    <skipped/>
  </testcase> <!-- testGetSum -->
  <testcase name="staars" classname="JavaPrograms.Javaprograms2">
    <skipped/>
  </testcase> <!-- staars -->
  <testcase name="excelTest" classname="JavaPrograms.Javaprograms2">
    <skipped/>
  </testcase> <!-- excelTest -->
  <testcase name="primeNum" classname="JavaPrograms.Javaprograms2">
    <skipped/>
  </testcase> <!-- primeNum -->
  <testcase name="testPrime" classname="JavaPrograms.Javaprograms2">
    <skipped/>
  </testcase> <!-- testPrime -->
  <testcase name="testExcel" classname="JavaPrograms.Javaprograms2">
    <skipped/>
  </testcase> <!-- testExcel -->
  <testcase name="testPrime2" classname="JavaPrograms.Javaprograms2">
    <skipped/>
  </testcase> <!-- testPrime2 -->
  <testcase name="getSum3" classname="JavaPrograms.Javaprograms2">
    <skipped/>
  </testcase> <!-- getSum3 -->
  <testcase name="testPrime3" classname="JavaPrograms.Javaprograms2">
    <skipped/>
  </testcase> <!-- testPrime3 -->
  <testcase name="stringPlay" classname="JavaPrograms.Javaprograms2">
    <skipped/>
  </testcase> <!-- stringPlay -->
  <testcase name="starWatch" classname="JavaPrograms.Javaprograms2">
    <skipped/>
  </testcase> <!-- starWatch -->
  <testcase name="getSum" classname="JavaPrograms.Javaprograms2">
    <skipped/>
  </testcase> <!-- getSum -->
  <testcase name="armsStrongs" classname="JavaPrograms.Javaprograms2">
    <skipped/>
  </testcase> <!-- armsStrongs -->
  <testcase name="armsStrongNumber" classname="JavaPrograms.Javaprograms2">
    <skipped/>
  </testcase> <!-- armsStrongNumber -->
  <testcase name="testHashMap" classname="JavaPrograms.Javaprograms2">
    <skipped/>
  </testcase> <!-- testHashMap -->
  <testcase name="testLists" classname="JavaPrograms.Javaprograms2">
    <skipped/>
  </testcase> <!-- testLists -->
  <testcase name="armsNumber" classname="JavaPrograms.Javaprograms2">
    <skipped/>
  </testcase> <!-- armsNumber -->
</testsuite> <!-- JavaPrograms.Javaprograms2 -->
