<?xml version="1.0" encoding="UTF-8"?>
<!-- Generated by org.testng.reporters.JUnitReportReporter -->
<testsuite skipped="4" hostname="BG1NB1012" name="MyJavaPrcatice.JavaStuff.JavaStuff" tests="6" failures="0" timestamp="03 Nov 2020 16:31:10 GMT" time="0.023" errors="0">
  <testcase name="cap" time="0.021" classname="MyJavaPrcatice.JavaStuff.JavaStuff"/>
  <testcase name="testOne" time="0.002" classname="MyJavaPrcatice.JavaStuff.JavaStuff"/>
  <testcase name="test" classname="MyJavaPrcatice.JavaStuff.JavaStuff">
    <skipped/>
  </testcase> <!-- test -->
  <testcase name="uniqueNum" classname="MyJavaPrcatice.JavaStuff.JavaStuff">
    <skipped/>
  </testcase> <!-- uniqueNum -->
  <testcase name="listToArray" classname="MyJavaPrcatice.JavaStuff.JavaStuff">
    <skipped/>
  </testcase> <!-- listToArray -->
  <testcase name="interviewTest" classname="MyJavaPrcatice.JavaStuff.JavaStuff">
    <skipped/>
  </testcase> <!-- interviewTest -->
</testsuite> <!-- MyJavaPrcatice.JavaStuff.JavaStuff -->
