<?xml version="1.0" encoding="UTF-8"?>
<!-- Generated by org.testng.reporters.JUnitReportReporter -->
<testsuite skipped="10" hostname="BG1NB1012" name="JavaPrograms.AgainJava_2" tests="11" failures="0" timestamp="09 Nov 2020 09:21:55 GMT" time="0.012" errors="0">
  <testcase name="testToFindUniqueNumber" time="0.012" classname="JavaPrograms.AgainJava_2"/>
  <testcase name="testStrings1" classname="JavaPrograms.AgainJava_2">
    <skipped/>
  </testcase> <!-- testStrings1 -->
  <testcase name="removeDuplicatesFromArray" classname="JavaPrograms.AgainJava_2">
    <skipped/>
  </testcase> <!-- removeDuplicatesFromArray -->
  <testcase name="testPalindrome" classname="JavaPrograms.AgainJava_2">
    <skipped/>
  </testcase> <!-- testPalindrome -->
  <testcase name="testExcel" classname="JavaPrograms.AgainJava_2">
    <skipped/>
  </testcase> <!-- testExcel -->
  <testcase name="testPrime" classname="JavaPrograms.AgainJava_2">
    <skipped/>
  </testcase> <!-- testPrime -->
  <testcase name="testToSumTheDigits" classname="JavaPrograms.AgainJava_2">
    <skipped/>
  </testcase> <!-- testToSumTheDigits -->
  <testcase name="swapArray" classname="JavaPrograms.AgainJava_2">
    <skipped/>
  </testcase> <!-- swapArray -->
  <testcase name="testArmsStrongNumber" classname="JavaPrograms.AgainJava_2">
    <skipped/>
  </testcase> <!-- testArmsStrongNumber -->
  <testcase name="testStars" classname="JavaPrograms.AgainJava_2">
    <skipped/>
  </testcase> <!-- testStars -->
  <testcase name="testSorting" classname="JavaPrograms.AgainJava_2">
    <skipped/>
  </testcase> <!-- testSorting -->
</testsuite> <!-- JavaPrograms.AgainJava_2 -->
